<!DOCTYPE html PUBLIC "-//W3C//DTD XHTML 1.1//EN" "http://www.w3.org/TR/xhtml11/DTD/xhtml11.dtd">
<html xmlns="http://www.w3.org/1999/xhtml">
<head>
<meta http-equiv="content-type" content="text/html; charset=UTF-8"/>
<title>TestNG Report</title>
<style type="text/css">table {margin-bottom:10px;border-collapse:collapse;empty-cells:show}th,td {border:1px solid #009;padding:.25em .5em}th {vertical-align:bottom}td {vertical-align:top}table a {font-weight:bold}.stripe td {background-color: #E6EBF9}.num {text-align:right}.passedodd td {background-color: #3F3}.passedeven td {background-color: #0A0}.skippedodd td {background-color: #DDD}.skippedeven td {background-color: #CCC}.failedodd td,.attn {background-color: #F33}.failedeven td,.stripe .attn {background-color: #D00}.stacktrace {white-space:pre;font-family:monospace}.totop {font-size:85%;text-align:center;border-bottom:2px solid #000}.invisible {display:none}</style>
</head>
<body>
<table>
<tr><th>Test</th><th># Passed</th><th># Skipped</th><th># Failed</th><th>Time (ms)</th><th>Included Groups</th><th>Excluded Groups</th></tr>
<tr><th colspan="7">QA Automation Testing Assignment</th></tr>
<tr><td><a href="#t0">Starting</a></td><td class="num">1</td><td class="num">0</td><td class="num">0</td><td class="num">6,575</td><td></td><td></td></tr>
<tr class="stripe"><td><a href="#t1">LoadUrl</a></td><td class="num">3</td><td class="num">0</td><td class="num">0</td><td class="num">8,775</td><td></td><td></td></tr>
<tr><td><a href="#t2">ApplyFilter</a></td><td class="num">4</td><td class="num">0</td><td class="num">0</td><td class="num">43,540</td><td></td><td></td></tr>
<tr class="stripe"><td><a href="#t3">StorePhonePrice</a></td><td class="num">1</td><td class="num">0</td><td class="num">0</td><td class="num">1,809</td><td></td><td></td></tr>
<tr><td><a href="#t4">Closing</a></td><td class="num">0</td><td class="num">0</td><td class="num attn">1</td><td class="num">2,640</td><td></td><td></td></tr>
<tr><th>Total</th><th class="num">9</th><th class="num">0</th><th class="num attn">1</th><th class="num">63,339</th><th colspan="2"></th></tr>
</table>
<table id='summary'><thead><tr><th>Class</th><th>Method</th><th>Start</th><th>Time (ms)</th></tr></thead><tbody><tr><th colspan="4">QA Automation Testing Assignment</th></tr></tbody><tbody id="t0"><tr><th colspan="4">Starting &#8212; passed</th></tr><tr class="passedeven"><td rowspan="1">start.StartingAutomation</td><td><a href="#m0">start</a></td><td rowspan="1">1599209129817</td><td rowspan="1">6450</td></tr></tbody>
<tbody id="t1"><tr><th colspan="4">LoadUrl &#8212; passed</th></tr><tr class="passedeven"><td rowspan="3">testsCases.TCLoadUrl</td><td><a href="#m1">afterPopUpClose</a></td><td rowspan="1">1599209143800</td><td rowspan="1">337</td></tr><tr class="passedeven"><td><a href="#m2">searchItem</a></td><td rowspan="1">1599209144369</td><td rowspan="1">567</td></tr><tr class="passedeven"><td><a href="#m3">urlLunch</a></td><td rowspan="1">1599209136395</td><td rowspan="1">7178</td></tr></tbody>
<tbody id="t2"><tr><th colspan="4">ApplyFilter &#8212; passed</th></tr><tr class="passedeven"><td rowspan="4">testsCases.TcApplyFilter</td><td><a href="#m4">selectMaxRangeFilter</a></td><td rowspan="1">1599209148632</td><td rowspan="1">674</td></tr><tr class="passedeven"><td><a href="#m5">selectMinRangeFilter</a></td><td rowspan="1">1599209145175</td><td rowspan="1">3295</td></tr><tr class="passedeven"><td><a href="#m6">selectProcessor</a></td><td rowspan="1">1599209150916</td><td rowspan="1">37657</td></tr><tr class="passedeven"><td><a href="#m7">selectRam</a></td><td rowspan="1">1599209149449</td><td rowspan="1">1294</td></tr></tbody>
<tbody id="t3"><tr><th colspan="4">StorePhonePrice &#8212; passed</th></tr><tr class="passedeven"><td rowspan="1">testsCases.TcStorePhonePrice</td><td><a href="#m8">storePhoneName</a></td><td rowspan="1">1599209188716</td><td rowspan="1">1676</td></tr></tbody>
<tbody id="t4"><tr><th colspan="4">Closing &#8212; failed (configuration methods)</th></tr><tr class="failedeven"><td rowspan="1">end.ClosingAutomation</td><td><a href="#m9">getResult</a></td><td rowspan="1">1599209193136</td><td rowspan="1">2</td></tr><tr><th colspan="4">Closing &#8212; failed</th></tr><tr class="failedeven"><td rowspan="1">end.ClosingAutomation</td><td><a href="#m10">quit</a></td><td rowspan="1">1599209190528</td><td rowspan="1">2603</td></tr></tbody>
</table>
<h2>Starting</h2><h3 id="m0">start.StartingAutomation#start</h3><table class="result"><tr><th class="invisible"/></tr></table><p class="totop"><a href="#summary">back to summary</a></p>
<h2>LoadUrl</h2><h3 id="m1">testsCases.TCLoadUrl#afterPopUpClose</h3><table class="result"><tr><th class="invisible"/></tr></table><p class="totop"><a href="#summary">back to summary</a></p>
<h3 id="m2">testsCases.TCLoadUrl#searchItem</h3><table class="result"><tr><th class="invisible"/></tr></table><p class="totop"><a href="#summary">back to summary</a></p>
<h3 id="m3">testsCases.TCLoadUrl#urlLunch</h3><table class="result"><tr><th class="invisible"/></tr></table><p class="totop"><a href="#summary">back to summary</a></p>
<h2>ApplyFilter</h2><h3 id="m4">testsCases.TcApplyFilter#selectMaxRangeFilter</h3><table class="result"><tr><th class="invisible"/></tr></table><p class="totop"><a href="#summary">back to summary</a></p>
<h3 id="m5">testsCases.TcApplyFilter#selectMinRangeFilter</h3><table class="result"><tr><th class="invisible"/></tr></table><p class="totop"><a href="#summary">back to summary</a></p>
<h3 id="m6">testsCases.TcApplyFilter#selectProcessor</h3><table class="result"><tr><th class="invisible"/></tr></table><p class="totop"><a href="#summary">back to summary</a></p>
<h3 id="m7">testsCases.TcApplyFilter#selectRam</h3><table class="result"><tr><th class="invisible"/></tr></table><p class="totop"><a href="#summary">back to summary</a></p>
<h2>StorePhonePrice</h2><h3 id="m8">testsCases.TcStorePhonePrice#storePhoneName</h3><table class="result"><tr><th class="invisible"/></tr></table><p class="totop"><a href="#summary">back to summary</a></p>
<h2>Closing</h2><h3 id="m9">end.ClosingAutomation#getResult</h3><table class="result"><tr class="param"><th>Parameter #1</th></tr><tr class="param stripe"><td>[TestResult name=quit status=FAILURE method=ClosingAutomation.quit()[pri:0, instance:end.ClosingAutomation@7b49cea0] output={null}]</td></tr><tr><th>Exception</th></tr><tr><td><div class="stacktrace">org.openqa.selenium.NoSuchSessionException: Session ID is null. Using WebDriver after calling quit()?
Build info: version: &apos;3.141.59&apos;, revision: &apos;e82be7d358&apos;, time: &apos;2018-11-14T08:25:48&apos;
System info: host: &apos;TARIT&apos;, ip: &apos;192.168.43.131&apos;, os.name: &apos;Windows 8.1&apos;, os.arch: &apos;amd64&apos;, os.version: &apos;6.3&apos;, java.version: &apos;1.8.0_171&apos;
Driver info: driver.version: RemoteWebDriver
	at org.openqa.selenium.remote.HttpCommandExecutor.execute(HttpCommandExecutor.java:125)
	at org.openqa.selenium.remote.service.DriverCommandExecutor.execute(DriverCommandExecutor.java:83)
	at org.openqa.selenium.remote.RemoteWebDriver.execute(RemoteWebDriver.java:552)
	at org.openqa.selenium.remote.RemoteWebDriver.execute(RemoteWebDriver.java:609)
	at org.openqa.selenium.remote.RemoteWebDriver.getScreenshotAs(RemoteWebDriver.java:295)
	at utils.DriverWorks.takeSnapShot(DriverWorks.java:324)
	at utils.Reporting.getResult(Reporting.java:69)
	at sun.reflect.NativeMethodAccessorImpl.invoke0(Native Method)
	at sun.reflect.NativeMethodAccessorImpl.invoke(NativeMethodAccessorImpl.java:62)
	at sun.reflect.DelegatingMethodAccessorImpl.invoke(DelegatingMethodAccessorImpl.java:43)
	at java.lang.reflect.Method.invoke(Method.java:498)
	at org.testng.internal.MethodInvocationHelper.invokeMethod(MethodInvocationHelper.java:124)
	at org.testng.internal.MethodInvocationHelper.invokeMethodConsideringTimeout(MethodInvocationHelper.java:59)
	at org.testng.internal.Invoker.invokeConfigurationMethod(Invoker.java:458)
	at org.testng.internal.Invoker.invokeConfigurations(Invoker.java:222)
	at org.testng.internal.Invoker.invokeMethod(Invoker.java:646)
	at org.testng.internal.Invoker.invokeTestMethod(Invoker.java:719)
	at org.testng.internal.Invoker.invokeTestMethods(Invoker.java:989)
	at org.testng.internal.TestMethodWorker.invokeTestMethods(TestMethodWorker.java:125)
	at org.testng.internal.TestMethodWorker.run(TestMethodWorker.java:109)
	at org.testng.TestRunner.privateRun(TestRunner.java:648)
	at org.testng.TestRunner.run(TestRunner.java:505)
	at org.testng.SuiteRunner.runTest(SuiteRunner.java:455)
	at org.testng.SuiteRunner.runSequentially(SuiteRunner.java:450)
	at org.testng.SuiteRunner.privateRun(SuiteRunner.java:415)
	at org.testng.SuiteRunner.run(SuiteRunner.java:364)
	at org.testng.SuiteRunnerWorker.runSuite(SuiteRunnerWorker.java:52)
	at org.testng.SuiteRunnerWorker.run(SuiteRunnerWorker.java:84)
	at org.testng.TestNG.runSuitesSequentially(TestNG.java:1208)
	at org.testng.TestNG.runSuitesLocally(TestNG.java:1137)
	at org.testng.TestNG.runSuites(TestNG.java:1049)
	at org.testng.TestNG.run(TestNG.java:1017)
	at org.testng.remote.AbstractRemoteTestNG.run(AbstractRemoteTestNG.java:114)
	at org.testng.remote.RemoteTestNG.initAndRun(RemoteTestNG.java:251)
	at org.testng.remote.RemoteTestNG.main(RemoteTestNG.java:77)
</div></td></tr></table><p class="totop"><a href="#summary">back to summary</a></p>
<h3 id="m10">end.ClosingAutomation#quit</h3><table class="result"><tr><th>Exception</th></tr><tr><td><div class="stacktrace">org.openqa.selenium.NoSuchSessionException: Tried to run command without establishing a connection
Build info: version: &apos;3.141.59&apos;, revision: &apos;e82be7d358&apos;, time: &apos;2018-11-14T08:25:48&apos;
System info: host: &apos;TARIT&apos;, ip: &apos;192.168.43.131&apos;, os.name: &apos;Windows 8.1&apos;, os.arch: &apos;amd64&apos;, os.version: &apos;6.3&apos;, java.version: &apos;1.8.0_171&apos;
Driver info: org.openqa.selenium.firefox.FirefoxDriver
Capabilities {acceptInsecureCerts: true, browserName: firefox, browserVersion: 69.0, javascriptEnabled: true, moz:accessibilityChecks: false, moz:buildID: 20190827005903, moz:geckodriverVersion: 0.24.0, moz:headless: false, moz:processID: 13792, moz:profile: C:\Users\Tray\AppData\Local..., moz:shutdownTimeout: 60000, moz:useNonSpecCompliantPointerOrigin: false, moz:webdriverClick: true, pageLoadStrategy: normal, platform: WINDOWS, platformName: WINDOWS, platformVersion: 6.3, rotatable: false, setWindowRect: true, strictFileInteractability: false, timeouts: {implicit: 0, pageLoad: 300000, script: 30000}, unhandledPromptBehavior: dismiss and notify}
Session ID: 9e3b4b9d-4ff6-4973-9032-96d7c95c0f24
	at sun.reflect.NativeConstructorAccessorImpl.newInstance0(Native Method)
	at sun.reflect.NativeConstructorAccessorImpl.newInstance(NativeConstructorAccessorImpl.java:62)
	at sun.reflect.DelegatingConstructorAccessorImpl.newInstance(DelegatingConstructorAccessorImpl.java:45)
	at java.lang.reflect.Constructor.newInstance(Constructor.java:423)
	at org.openqa.selenium.remote.http.W3CHttpResponseCodec.createException(W3CHttpResponseCodec.java:187)
	at org.openqa.selenium.remote.http.W3CHttpResponseCodec.decode(W3CHttpResponseCodec.java:122)
	at org.openqa.selenium.remote.http.W3CHttpResponseCodec.decode(W3CHttpResponseCodec.java:49)
	at org.openqa.selenium.remote.HttpCommandExecutor.execute(HttpCommandExecutor.java:158)
	at org.openqa.selenium.remote.service.DriverCommandExecutor.execute(DriverCommandExecutor.java:83)
	at org.openqa.selenium.remote.RemoteWebDriver.execute(RemoteWebDriver.java:552)
	at org.openqa.selenium.remote.RemoteWebDriver.execute(RemoteWebDriver.java:609)
	at org.openqa.selenium.remote.RemoteWebDriver.quit(RemoteWebDriver.java:452)
	at utils.DriverWorks.quitDriver(DriverWorks.java:111)
	at end.ClosingAutomation.quit(ClosingAutomation.java:33)
	at sun.reflect.NativeMethodAccessorImpl.invoke0(Native Method)
	at sun.reflect.NativeMethodAccessorImpl.invoke(NativeMethodAccessorImpl.java:62)
	at sun.reflect.DelegatingMethodAccessorImpl.invoke(DelegatingMethodAccessorImpl.java:43)
	at java.lang.reflect.Method.invoke(Method.java:498)
	at org.testng.internal.MethodInvocationHelper.invokeMethod(MethodInvocationHelper.java:124)
	at org.testng.internal.InvokeMethodRunnable.runOne(InvokeMethodRunnable.java:54)
	at org.testng.internal.InvokeMethodRunnable.run(InvokeMethodRunnable.java:44)
	at java.util.concurrent.Executors$RunnableAdapter.call(Executors.java:511)
	at java.util.concurrent.FutureTask.run(FutureTask.java:266)
	at java.util.concurrent.ThreadPoolExecutor.runWorker(ThreadPoolExecutor.java:1149)
	at java.util.concurrent.ThreadPoolExecutor$Worker.run(ThreadPoolExecutor.java:624)
	at java.lang.Thread.run(Thread.java:748)
</div></td></tr></table><p class="totop"><a href="#summary">back to summary</a></p>
</body>
</html>
